2026-01-27 18:40:12 INFO  TC001_AccountRegistrationTest:15 - ****** Starting TC001_AccountRegistrationTest ******
2026-01-27 18:40:12 INFO  TC001_AccountRegistrationTest:22 -  Clicked On MyAccount Link.
2026-01-27 18:40:13 INFO  TC001_AccountRegistrationTest:26 -  Clicked On Register Link.
2026-01-27 18:40:13 INFO  TC001_AccountRegistrationTest:30 -  Providing customer Details..
2026-01-27 18:40:15 INFO  TC001_AccountRegistrationTest:47 -  Validating Expected message....
2026-01-27 18:40:15 INFO  TC001_AccountRegistrationTest:67 - ****** Finished TC001_AccountRegistrationTest ******
2026-01-27 18:40:27 INFO  TC002_LoginTest:15 - ****** Starting TC002_LoginTest ****** 
2026-01-27 18:40:29 INFO  TC002_LoginTest:41 - ****** Finished TC002_LoginTest ****** 
2026-01-27 19:05:19 INFO  TC001_AccountRegistrationTest:15 - ****** Starting TC001_AccountRegistrationTest ******
2026-01-27 19:05:19 INFO  TC001_AccountRegistrationTest:22 -  Clicked On MyAccount Link.
2026-01-27 19:05:20 INFO  TC001_AccountRegistrationTest:26 -  Clicked On Register Link.
2026-01-27 19:05:20 INFO  TC001_AccountRegistrationTest:30 -  Providing customer Details..
2026-01-27 19:05:21 INFO  TC001_AccountRegistrationTest:47 -  Validating Expected message....
2026-01-27 19:05:22 INFO  TC001_AccountRegistrationTest:67 - ****** Finished TC001_AccountRegistrationTest ******
2026-01-27 19:05:24 INFO  TC002_LoginTest:15 - ****** Starting TC002_LoginTest ****** 
2026-01-27 19:05:26 INFO  TC002_LoginTest:41 - ****** Finished TC002_LoginTest ****** 
2026-01-27 19:20:03 INFO  TC001_AccountRegistrationTest:15 - ****** Starting TC001_AccountRegistrationTest ******
2026-01-27 19:20:03 INFO  TC001_AccountRegistrationTest:22 -  Clicked On MyAccount Link.
2026-01-27 19:20:06 INFO  TC001_AccountRegistrationTest:26 -  Clicked On Register Link.
2026-01-27 19:20:06 INFO  TC001_AccountRegistrationTest:30 -  Providing customer Details..
2026-01-27 19:20:10 INFO  TC001_AccountRegistrationTest:47 -  Validating Expected message....
2026-01-27 19:20:10 INFO  TC001_AccountRegistrationTest:67 - ****** Finished TC001_AccountRegistrationTest ******
2026-01-27 19:20:24 INFO  TC002_LoginTest:15 - ****** Starting TC002_LoginTest ****** 
2026-01-27 19:20:27 INFO  TC002_LoginTest:41 - ****** Finished TC002_LoginTest ****** 
